<?xml version="1.0" encoding="UTF-8"?>
<testng-results ignored="0" total="1" passed="1" failed="0" skipped="0">
  <reporter-output>
  </reporter-output>
  <suite started-at="2023-05-07T19:51:50 IST" name="Default suite" finished-at="2023-05-07T19:51:56 IST" duration-ms="6008">
    <groups>
    </groups>
    <test started-at="2023-05-07T19:51:50 IST" name="Default test" finished-at="2023-05-07T19:51:56 IST" duration-ms="6008">
      <class name="carwashAddtoBag.CarwashOrderIdCreation$NewTest">
        <test-method signature="responseParse()[pri:0, instance:carwashAddtoBag.CarwashOrderIdCreation$NewTest@1ab3a8c8]" started-at="2023-05-07T19:51:50 IST" name="responseParse" finished-at="2023-05-07T19:51:56 IST" duration-ms="5902" status="PASS">
          <reporter-output>
          </reporter-output>
        </test-method> <!-- responseParse -->
      </class> <!-- carwashAddtoBag.CarwashOrderIdCreation$NewTest -->
    </test> <!-- Default test -->
  </suite> <!-- Default suite -->
</testng-results>
